2024-06-24 11:38:45 INFO  Utils:112 - [Utils] MethodGroupsHelper.collectMethodsByGroup() took 0 ms.
2024-06-24 11:38:45 INFO  Utils:112 - [Utils] MethodGroupsHelper.sortMethods() took 0 ms.
2024-06-24 11:38:45 INFO  Utils:112 - [Utils] MethodGroupsHelper.collectMethodsByGroup() took 0 ms.
2024-06-24 11:38:45 INFO  Utils:112 - [Utils] MethodGroupsHelper.sortMethods() took 0 ms.
2024-06-24 11:38:45 INFO  Utils:112 - [Utils] MethodGroupsHelper.collectMethodsByGroup() took 0 ms.
2024-06-24 11:38:45 INFO  Utils:112 - [Utils] MethodGroupsHelper.sortMethods() took 0 ms.
2024-06-24 11:38:45 INFO  Utils:112 - [Utils] MethodGroupsHelper.collectMethodsByGroup() took 0 ms.
2024-06-24 11:38:45 INFO  Utils:112 - [Utils] MethodGroupsHelper.sortMethods() took 0 ms.
2024-06-24 11:38:45 INFO  Utils:112 - [Utils] MethodGroupsHelper.collectMethodsByGroup() took 4 ms.
2024-06-24 11:38:45 INFO  Utils:112 - [Utils] MethodGroupsHelper.sortMethods() took 6 ms.
2024-06-24 11:38:45 INFO  Utils:112 - [Utils] MethodGroupsHelper.collectMethodsByGroup() took 0 ms.
2024-06-24 11:38:45 INFO  Utils:112 - [Utils] MethodGroupsHelper.sortMethods() took 0 ms.
2024-06-24 11:38:45 INFO  Utils:112 - [Utils] MethodGroupsHelper.collectMethodsByGroup() took 0 ms.
2024-06-24 11:38:45 INFO  Utils:112 - [Utils] MethodGroupsHelper.sortMethods() took 0 ms.
2024-06-24 11:38:45 INFO  Utils:112 - [Utils] MethodGroupsHelper.collectMethodsByGroup() took 0 ms.
2024-06-24 11:38:45 INFO  Utils:112 - [Utils] MethodGroupsHelper.sortMethods() took 0 ms.
2024-06-24 11:38:45 INFO  Utils:112 - [Utils] MethodGroupsHelper.collectMethodsByGroup() took 0 ms.
2024-06-24 11:38:45 INFO  Utils:112 - [Utils] MethodGroupsHelper.sortMethods() took 0 ms.
2024-06-24 11:38:45 INFO  Utils:112 - [Utils] MethodGroupsHelper.collectMethodsByGroup() took 0 ms.
2024-06-24 11:38:45 INFO  Utils:112 - [Utils] MethodGroupsHelper.sortMethods() took 0 ms.
2024-06-24 11:38:45 INFO  Utils:112 - [Utils] MethodGroupsHelper.collectMethodsByGroup() took 0 ms.
2024-06-24 11:38:45 INFO  Utils:112 - [Utils] MethodGroupsHelper.sortMethods() took 0 ms.
2024-06-24 11:38:45 INFO  Utils:112 - [Utils] MethodGroupsHelper.collectMethodsByGroup() took 0 ms.
2024-06-24 11:38:45 INFO  Utils:112 - [Utils] MethodGroupsHelper.sortMethods() took 0 ms.
2024-06-24 11:38:45 INFO  Utils:112 - [Utils] MethodGroupsHelper.collectMethodsByGroup() took 0 ms.
2024-06-24 11:38:45 INFO  Utils:112 - [Utils] MethodGroupsHelper.sortMethods() took 0 ms.
2024-06-24 11:38:45 INFO  Utils:112 - [Utils] MethodGroupsHelper.collectMethodsByGroup() took 0 ms.
2024-06-24 11:38:45 INFO  Utils:112 - [Utils] MethodGroupsHelper.sortMethods() took 0 ms.
2024-06-24 11:38:45 INFO  Utils:112 - [Utils] MethodGroupsHelper.collectMethodsByGroup() took 0 ms.
2024-06-24 11:38:45 INFO  Utils:112 - [Utils] MethodGroupsHelper.sortMethods() took 0 ms.
2024-06-24 11:38:45 INFO  Utils:112 - [Utils] MethodGroupsHelper.collectMethodsByGroup() took 0 ms.
2024-06-24 11:38:45 INFO  Utils:112 - [Utils] MethodGroupsHelper.sortMethods() took 0 ms.
2024-06-24 11:38:45 INFO  Utils:112 - [Utils] MethodGroupsHelper.collectMethodsByGroup() took 0 ms.
2024-06-24 11:38:45 INFO  Utils:112 - [Utils] MethodGroupsHelper.sortMethods() took 0 ms.
2024-06-24 11:38:45 INFO  Utils:112 - [Utils] MethodGroupsHelper.collectMethodsByGroup() took 0 ms.
2024-06-24 11:38:45 INFO  Utils:112 - [Utils] MethodGroupsHelper.sortMethods() took 0 ms.
2024-06-24 11:38:45 INFO  Utils:112 - [Utils] MethodGroupsHelper.collectMethodsByGroup() took 0 ms.
2024-06-24 11:38:45 INFO  Utils:112 - [Utils] MethodGroupsHelper.sortMethods() took 0 ms.
2024-06-24 11:38:45 INFO  Utils:112 - [Utils] MethodGroupsHelper.collectMethodsByGroup() took 0 ms.
2024-06-24 11:38:45 INFO  Utils:112 - [Utils] MethodGroupsHelper.sortMethods() took 0 ms.
2024-06-24 11:38:45 INFO  Utils:112 - [Utils] MethodGroupsHelper.collectMethodsByGroup() took 0 ms.
2024-06-24 11:38:45 INFO  Utils:112 - [Utils] MethodGroupsHelper.sortMethods() took 0 ms.
2024-06-24 11:38:45 INFO  Utils:112 - [Utils] MethodGroupsHelper.collectMethodsByGroup() took 0 ms.
2024-06-24 11:38:45 INFO  Utils:112 - [Utils] MethodGroupsHelper.sortMethods() took 0 ms.
2024-06-24 11:38:45 INFO  Utils:112 - [Utils] MethodGroupsHelper.collectMethodsByGroup() took 0 ms.
2024-06-24 11:38:45 INFO  Utils:112 - [Utils] MethodGroupsHelper.sortMethods() took 0 ms.
2024-06-24 11:38:45 INFO  Utils:112 - [Utils] MethodGroupsHelper.collectMethodsByGroup() took 0 ms.
2024-06-24 11:38:45 INFO  Utils:112 - [Utils] MethodGroupsHelper.sortMethods() took 0 ms.
2024-06-24 11:38:45 INFO  Utils:112 - [Utils] MethodGroupsHelper.collectMethodsByGroup() took 0 ms.
2024-06-24 11:38:45 INFO  Utils:112 - [Utils] MethodGroupsHelper.sortMethods() took 1 ms.
2024-06-24 11:38:45 INFO  Utils:112 - [Utils] MethodGroupsHelper.collectMethodsByGroup() took 0 ms.
2024-06-24 11:38:45 INFO  Utils:112 - [Utils] MethodGroupsHelper.sortMethods() took 0 ms.
2024-06-24 11:38:45 INFO  Utils:112 - [Utils] MethodGroupsHelper.collectMethodsByGroup() took 0 ms.
2024-06-24 11:38:45 INFO  Utils:112 - [Utils] MethodGroupsHelper.sortMethods() took 0 ms.
2024-06-24 11:38:45 INFO  Utils:112 - [Utils] MethodGroupsHelper.collectMethodsByGroup() took 0 ms.
2024-06-24 11:38:45 INFO  Utils:112 - [Utils] MethodGroupsHelper.sortMethods() took 0 ms.
2024-06-24 11:38:45 INFO  Utils:112 - [Utils] MethodGroupsHelper.collectMethodsByGroup() took 0 ms.
2024-06-24 11:38:45 INFO  Utils:112 - [Utils] MethodGroupsHelper.sortMethods() took 0 ms.
2024-06-24 11:38:45 INFO  Utils:112 - [Utils] MethodGroupsHelper.collectMethodsByGroup() took 0 ms.
2024-06-24 11:38:45 INFO  Utils:112 - [Utils] MethodGroupsHelper.sortMethods() took 0 ms.
2024-06-24 11:38:45 INFO  Utils:112 - [Utils] MethodGroupsHelper.collectMethodsByGroup() took 0 ms.
2024-06-24 11:38:45 INFO  Utils:112 - [Utils] MethodGroupsHelper.sortMethods() took 0 ms.
2024-06-24 11:38:45 INFO  Utils:112 - [Utils] MethodGroupsHelper.collectMethodsByGroup() took 0 ms.
2024-06-24 11:38:45 INFO  Utils:112 - [Utils] MethodGroupsHelper.sortMethods() took 0 ms.
2024-06-24 11:38:45 INFO  Utils:112 - [Utils] MethodGroupsHelper.collectMethodsByGroup() took 1 ms.
2024-06-24 11:38:45 INFO  Utils:112 - [Utils] MethodGroupsHelper.sortMethods() took 3 ms.
2024-06-24 11:38:45 INFO  Utils:112 - [Utils] MethodGroupsHelper.collectMethodsByGroup() took 0 ms.
2024-06-24 11:38:45 INFO  Utils:112 - [Utils] MethodGroupsHelper.sortMethods() took 0 ms.
2024-06-24 11:38:45 INFO  Utils:112 - [Utils] MethodGroupsHelper.collectMethodsByGroup() took 0 ms.
2024-06-24 11:38:45 INFO  Utils:112 - [Utils] MethodGroupsHelper.sortMethods() took 0 ms.
2024-06-24 11:38:45 INFO  Utils:112 - [Utils] DynamicGraphHelper.createDynamicGraph() took 3 ms.
2024-06-24 11:38:47 INFO  Utils:112 - [TestNG] Time taken by org.testng.reporters.jq.Main@4342c13: 75 ms
2024-06-24 11:38:47 INFO  Utils:112 - [TestNG] Time taken by org.testng.reporters.FailedReporter@261bd7b: 19 ms
2024-06-24 11:38:47 INFO  Utils:112 - [TestNG] Time taken by org.testng.reporters.XMLReporter@469a7575: 27 ms
2024-06-24 11:38:47 INFO  Utils:112 - [TestNG] Time taken by org.testng.reporters.EmailableReporter2@6dce59e: 13 ms
2024-06-24 11:38:47 INFO  Utils:112 - [TestNG] Time taken by org.testng.reporters.JUnitReportReporter@3ad8717d: 18 ms
2024-06-24 11:38:47 INFO  Utils:112 - [TestNG] Time taken by org.testng.internal.ExitCodeListener@4293e066: 0 ms
2024-06-24 11:39:29 INFO  Utils:112 - [Utils] MethodGroupsHelper.collectMethodsByGroup() took 0 ms.
2024-06-24 11:39:29 INFO  Utils:112 - [Utils] MethodGroupsHelper.sortMethods() took 0 ms.
2024-06-24 11:39:29 INFO  Utils:112 - [Utils] MethodGroupsHelper.collectMethodsByGroup() took 0 ms.
2024-06-24 11:39:29 INFO  Utils:112 - [Utils] MethodGroupsHelper.sortMethods() took 0 ms.
2024-06-24 11:39:29 INFO  Utils:112 - [Utils] MethodGroupsHelper.collectMethodsByGroup() took 0 ms.
2024-06-24 11:39:29 INFO  Utils:112 - [Utils] MethodGroupsHelper.sortMethods() took 0 ms.
2024-06-24 11:39:29 INFO  Utils:112 - [Utils] MethodGroupsHelper.collectMethodsByGroup() took 0 ms.
2024-06-24 11:39:29 INFO  Utils:112 - [Utils] MethodGroupsHelper.sortMethods() took 0 ms.
2024-06-24 11:39:29 INFO  Utils:112 - [Utils] MethodGroupsHelper.collectMethodsByGroup() took 3 ms.
2024-06-24 11:39:29 INFO  Utils:112 - [Utils] MethodGroupsHelper.sortMethods() took 7 ms.
2024-06-24 11:39:29 INFO  Utils:112 - [Utils] MethodGroupsHelper.collectMethodsByGroup() took 0 ms.
2024-06-24 11:39:29 INFO  Utils:112 - [Utils] MethodGroupsHelper.sortMethods() took 1 ms.
2024-06-24 11:39:29 INFO  Utils:112 - [Utils] MethodGroupsHelper.collectMethodsByGroup() took 0 ms.
2024-06-24 11:39:29 INFO  Utils:112 - [Utils] MethodGroupsHelper.sortMethods() took 0 ms.
2024-06-24 11:39:29 INFO  Utils:112 - [Utils] MethodGroupsHelper.collectMethodsByGroup() took 0 ms.
2024-06-24 11:39:29 INFO  Utils:112 - [Utils] MethodGroupsHelper.sortMethods() took 0 ms.
2024-06-24 11:39:29 INFO  Utils:112 - [Utils] MethodGroupsHelper.collectMethodsByGroup() took 0 ms.
2024-06-24 11:39:29 INFO  Utils:112 - [Utils] MethodGroupsHelper.sortMethods() took 0 ms.
2024-06-24 11:39:29 INFO  Utils:112 - [Utils] MethodGroupsHelper.collectMethodsByGroup() took 0 ms.
2024-06-24 11:39:29 INFO  Utils:112 - [Utils] MethodGroupsHelper.sortMethods() took 0 ms.
2024-06-24 11:39:29 INFO  Utils:112 - [Utils] MethodGroupsHelper.collectMethodsByGroup() took 0 ms.
2024-06-24 11:39:29 INFO  Utils:112 - [Utils] MethodGroupsHelper.sortMethods() took 0 ms.
2024-06-24 11:39:29 INFO  Utils:112 - [Utils] MethodGroupsHelper.collectMethodsByGroup() took 0 ms.
2024-06-24 11:39:29 INFO  Utils:112 - [Utils] MethodGroupsHelper.sortMethods() took 0 ms.
2024-06-24 11:39:29 INFO  Utils:112 - [Utils] MethodGroupsHelper.collectMethodsByGroup() took 0 ms.
2024-06-24 11:39:29 INFO  Utils:112 - [Utils] MethodGroupsHelper.sortMethods() took 0 ms.
2024-06-24 11:39:29 INFO  Utils:112 - [Utils] MethodGroupsHelper.collectMethodsByGroup() took 0 ms.
2024-06-24 11:39:29 INFO  Utils:112 - [Utils] MethodGroupsHelper.sortMethods() took 0 ms.
2024-06-24 11:39:29 INFO  Utils:112 - [Utils] MethodGroupsHelper.collectMethodsByGroup() took 0 ms.
2024-06-24 11:39:29 INFO  Utils:112 - [Utils] MethodGroupsHelper.sortMethods() took 0 ms.
2024-06-24 11:39:29 INFO  Utils:112 - [Utils] MethodGroupsHelper.collectMethodsByGroup() took 0 ms.
2024-06-24 11:39:29 INFO  Utils:112 - [Utils] MethodGroupsHelper.sortMethods() took 1 ms.
2024-06-24 11:39:29 INFO  Utils:112 - [Utils] MethodGroupsHelper.collectMethodsByGroup() took 0 ms.
2024-06-24 11:39:29 INFO  Utils:112 - [Utils] MethodGroupsHelper.sortMethods() took 0 ms.
2024-06-24 11:39:29 INFO  Utils:112 - [Utils] MethodGroupsHelper.collectMethodsByGroup() took 0 ms.
2024-06-24 11:39:29 INFO  Utils:112 - [Utils] MethodGroupsHelper.sortMethods() took 0 ms.
2024-06-24 11:39:29 INFO  Utils:112 - [Utils] MethodGroupsHelper.collectMethodsByGroup() took 0 ms.
2024-06-24 11:39:29 INFO  Utils:112 - [Utils] MethodGroupsHelper.sortMethods() took 0 ms.
2024-06-24 11:39:29 INFO  Utils:112 - [Utils] MethodGroupsHelper.collectMethodsByGroup() took 0 ms.
2024-06-24 11:39:29 INFO  Utils:112 - [Utils] MethodGroupsHelper.sortMethods() took 0 ms.
2024-06-24 11:39:29 INFO  Utils:112 - [Utils] MethodGroupsHelper.collectMethodsByGroup() took 0 ms.
2024-06-24 11:39:29 INFO  Utils:112 - [Utils] MethodGroupsHelper.sortMethods() took 0 ms.
2024-06-24 11:39:29 INFO  Utils:112 - [Utils] MethodGroupsHelper.collectMethodsByGroup() took 0 ms.
2024-06-24 11:39:29 INFO  Utils:112 - [Utils] MethodGroupsHelper.sortMethods() took 0 ms.
2024-06-24 11:39:29 INFO  Utils:112 - [Utils] MethodGroupsHelper.collectMethodsByGroup() took 0 ms.
2024-06-24 11:39:29 INFO  Utils:112 - [Utils] MethodGroupsHelper.sortMethods() took 0 ms.
2024-06-24 11:39:29 INFO  Utils:112 - [Utils] MethodGroupsHelper.collectMethodsByGroup() took 0 ms.
2024-06-24 11:39:29 INFO  Utils:112 - [Utils] MethodGroupsHelper.sortMethods() took 0 ms.
2024-06-24 11:39:29 INFO  Utils:112 - [Utils] MethodGroupsHelper.collectMethodsByGroup() took 1 ms.
2024-06-24 11:39:29 INFO  Utils:112 - [Utils] MethodGroupsHelper.sortMethods() took 0 ms.
2024-06-24 11:39:29 INFO  Utils:112 - [Utils] MethodGroupsHelper.collectMethodsByGroup() took 0 ms.
2024-06-24 11:39:29 INFO  Utils:112 - [Utils] MethodGroupsHelper.sortMethods() took 0 ms.
2024-06-24 11:39:29 INFO  Utils:112 - [Utils] MethodGroupsHelper.collectMethodsByGroup() took 0 ms.
2024-06-24 11:39:29 INFO  Utils:112 - [Utils] MethodGroupsHelper.sortMethods() took 0 ms.
2024-06-24 11:39:29 INFO  Utils:112 - [Utils] MethodGroupsHelper.collectMethodsByGroup() took 0 ms.
2024-06-24 11:39:29 INFO  Utils:112 - [Utils] MethodGroupsHelper.sortMethods() took 0 ms.
2024-06-24 11:39:29 INFO  Utils:112 - [Utils] MethodGroupsHelper.collectMethodsByGroup() took 0 ms.
2024-06-24 11:39:29 INFO  Utils:112 - [Utils] MethodGroupsHelper.sortMethods() took 0 ms.
2024-06-24 11:39:29 INFO  Utils:112 - [Utils] MethodGroupsHelper.collectMethodsByGroup() took 0 ms.
2024-06-24 11:39:29 INFO  Utils:112 - [Utils] MethodGroupsHelper.sortMethods() took 0 ms.
2024-06-24 11:39:29 INFO  Utils:112 - [Utils] MethodGroupsHelper.collectMethodsByGroup() took 0 ms.
2024-06-24 11:39:29 INFO  Utils:112 - [Utils] MethodGroupsHelper.sortMethods() took 0 ms.
2024-06-24 11:39:29 INFO  Utils:112 - [Utils] MethodGroupsHelper.collectMethodsByGroup() took 0 ms.
2024-06-24 11:39:29 INFO  Utils:112 - [Utils] MethodGroupsHelper.sortMethods() took 0 ms.
2024-06-24 11:39:29 INFO  Utils:112 - [Utils] MethodGroupsHelper.collectMethodsByGroup() took 0 ms.
2024-06-24 11:39:29 INFO  Utils:112 - [Utils] MethodGroupsHelper.sortMethods() took 3 ms.
2024-06-24 11:39:29 INFO  Utils:112 - [Utils] MethodGroupsHelper.collectMethodsByGroup() took 0 ms.
2024-06-24 11:39:29 INFO  Utils:112 - [Utils] MethodGroupsHelper.sortMethods() took 0 ms.
2024-06-24 11:39:29 INFO  Utils:112 - [Utils] MethodGroupsHelper.collectMethodsByGroup() took 0 ms.
2024-06-24 11:39:29 INFO  Utils:112 - [Utils] MethodGroupsHelper.sortMethods() took 0 ms.
2024-06-24 11:39:29 INFO  Utils:112 - [Utils] DynamicGraphHelper.createDynamicGraph() took 3 ms.
2024-06-24 11:39:34 INFO  TC001_AccountRegistrationTest:15 - ***** Starting TC001_AccountRegistrationTest  ****
2024-06-24 11:39:34 INFO  TC001_AccountRegistrationTest:20 - Clicked on MyAccount Link.. 
2024-06-24 11:39:35 INFO  TC001_AccountRegistrationTest:22 - Clicked on Register Link.. 
2024-06-24 11:39:35 INFO  TC001_AccountRegistrationTest:26 - Providing customer details...
2024-06-24 11:39:36 INFO  TC001_AccountRegistrationTest:38 - Validating expected message..
2024-06-24 11:39:36 INFO  TC001_AccountRegistrationTest:42 - Test passed
2024-06-24 11:39:36 INFO  TC001_AccountRegistrationTest:48 - ***** Finished TC001_AccountRegistrationTest *****
2024-06-24 11:39:38 INFO  TC002_LoginTest:14 - **** Starting TC_002_LoginTest  ****
2024-06-24 11:39:38 INFO  TC002_LoginTest:20 - clicked on myaccount link on the home page..
2024-06-24 11:39:39 INFO  TC002_LoginTest:22 - clicked on login link under myaccount..
2024-06-24 11:39:39 INFO  TC002_LoginTest:26 - Entering valid email and password..
2024-06-24 11:39:39 INFO  TC002_LoginTest:30 - clicked on login button..
2024-06-24 11:39:39 INFO  TC002_LoginTest:34 - verify my account page is exists
2024-06-24 11:39:39 INFO  TC002_LoginTest:41 - **** Finished TC_002_LoginTest  ****
2024-06-24 11:39:42 INFO  TC003_LoginDDT:24 - **** Starting TC003_LoginDDT *****
2024-06-24 11:39:42 INFO  TC003_LoginDDT:29 - clicked on myaccount link on the home page..
2024-06-24 11:39:43 INFO  TC003_LoginDDT:31 - clicked on login link under myaccount..
2024-06-24 11:39:43 INFO  TC003_LoginDDT:35 - Entering valid email and password..
2024-06-24 11:39:43 INFO  TC003_LoginDDT:39 - clicked on login button..
2024-06-24 11:39:43 INFO  TC003_LoginDDT:44 - verify my account page is exists
2024-06-24 11:39:44 INFO  TC003_LoginDDT:66 - **** Finished TC003_LoginDDT *****
2024-06-24 11:39:44 INFO  TC003_LoginDDT:24 - **** Starting TC003_LoginDDT *****
2024-06-24 11:39:44 INFO  TC003_LoginDDT:29 - clicked on myaccount link on the home page..
2024-06-24 11:39:44 INFO  TC003_LoginDDT:31 - clicked on login link under myaccount..
2024-06-24 11:39:44 INFO  TC003_LoginDDT:35 - Entering valid email and password..
2024-06-24 11:39:45 INFO  TC003_LoginDDT:39 - clicked on login button..
2024-06-24 11:39:45 INFO  TC003_LoginDDT:44 - verify my account page is exists
2024-06-24 11:39:45 INFO  TC003_LoginDDT:66 - **** Finished TC003_LoginDDT *****
2024-06-24 11:39:45 INFO  TC003_LoginDDT:24 - **** Starting TC003_LoginDDT *****
2024-06-24 11:39:46 INFO  TC003_LoginDDT:29 - clicked on myaccount link on the home page..
2024-06-24 11:39:46 INFO  TC003_LoginDDT:31 - clicked on login link under myaccount..
2024-06-24 11:39:46 INFO  TC003_LoginDDT:35 - Entering valid email and password..
2024-06-24 11:39:46 INFO  TC003_LoginDDT:39 - clicked on login button..
2024-06-24 11:39:46 INFO  TC003_LoginDDT:44 - verify my account page is exists
2024-06-24 11:39:47 INFO  TC003_LoginDDT:66 - **** Finished TC003_LoginDDT *****
2024-06-24 11:39:47 INFO  TC003_LoginDDT:24 - **** Starting TC003_LoginDDT *****
2024-06-24 11:39:47 INFO  TC003_LoginDDT:29 - clicked on myaccount link on the home page..
2024-06-24 11:39:47 INFO  TC003_LoginDDT:31 - clicked on login link under myaccount..
2024-06-24 11:39:47 INFO  TC003_LoginDDT:35 - Entering valid email and password..
2024-06-24 11:39:48 INFO  TC003_LoginDDT:39 - clicked on login button..
2024-06-24 11:39:48 INFO  TC003_LoginDDT:44 - verify my account page is exists
2024-06-24 11:39:58 INFO  TC003_LoginDDT:66 - **** Finished TC003_LoginDDT *****
2024-06-24 11:39:58 INFO  TC003_LoginDDT:24 - **** Starting TC003_LoginDDT *****
2024-06-24 11:39:58 INFO  TC003_LoginDDT:29 - clicked on myaccount link on the home page..
2024-06-24 11:39:58 INFO  TC003_LoginDDT:31 - clicked on login link under myaccount..
2024-06-24 11:39:58 INFO  TC003_LoginDDT:35 - Entering valid email and password..
2024-06-24 11:39:59 INFO  TC003_LoginDDT:39 - clicked on login button..
2024-06-24 11:39:59 INFO  TC003_LoginDDT:44 - verify my account page is exists
2024-06-24 11:39:59 INFO  TC003_LoginDDT:66 - **** Finished TC003_LoginDDT *****
2024-06-24 11:39:59 INFO  TC003_LoginDDT:24 - **** Starting TC003_LoginDDT *****
2024-06-24 11:39:59 INFO  TC003_LoginDDT:29 - clicked on myaccount link on the home page..
2024-06-24 11:40:00 INFO  TC003_LoginDDT:31 - clicked on login link under myaccount..
2024-06-24 11:40:00 INFO  TC003_LoginDDT:35 - Entering valid email and password..
2024-06-24 11:40:00 INFO  TC003_LoginDDT:39 - clicked on login button..
2024-06-24 11:40:00 INFO  TC003_LoginDDT:44 - verify my account page is exists
2024-06-24 11:40:10 INFO  TC003_LoginDDT:66 - **** Finished TC003_LoginDDT *****
2024-06-24 11:40:11 INFO  Utils:112 - [TestNG] Time taken by org.testng.reporters.jq.Main@2d70f312: 71 ms
2024-06-24 11:40:11 INFO  Utils:112 - [TestNG] Time taken by org.testng.reporters.FailedReporter@4c7d7430: 1 ms
2024-06-24 11:40:11 INFO  Utils:112 - [TestNG] Time taken by org.testng.reporters.XMLReporter@1ec88aa1: 12 ms
2024-06-24 11:40:11 INFO  Utils:112 - [TestNG] Time taken by org.testng.reporters.EmailableReporter2@4975dda1: 6 ms
2024-06-24 11:40:11 INFO  Utils:112 - [TestNG] Time taken by org.testng.reporters.JUnitReportReporter@5b742bc8: 11 ms
2024-06-24 11:40:11 INFO  Utils:112 - [TestNG] Time taken by org.testng.internal.ExitCodeListener@74fb5b59: 0 ms
2024-06-24 11:55:24 INFO  Utils:112 - [Utils] MethodGroupsHelper.collectMethodsByGroup() took 0 ms.
2024-06-24 11:55:24 INFO  Utils:112 - [Utils] MethodGroupsHelper.sortMethods() took 0 ms.
2024-06-24 11:55:24 INFO  Utils:112 - [Utils] MethodGroupsHelper.collectMethodsByGroup() took 0 ms.
2024-06-24 11:55:24 INFO  Utils:112 - [Utils] MethodGroupsHelper.sortMethods() took 0 ms.
2024-06-24 11:55:24 INFO  Utils:112 - [Utils] MethodGroupsHelper.collectMethodsByGroup() took 0 ms.
2024-06-24 11:55:24 INFO  Utils:112 - [Utils] MethodGroupsHelper.sortMethods() took 0 ms.
2024-06-24 11:55:24 INFO  Utils:112 - [Utils] MethodGroupsHelper.collectMethodsByGroup() took 0 ms.
2024-06-24 11:55:24 INFO  Utils:112 - [Utils] MethodGroupsHelper.sortMethods() took 0 ms.
2024-06-24 11:55:24 INFO  Utils:112 - [Utils] MethodGroupsHelper.collectMethodsByGroup() took 5 ms.
2024-06-24 11:55:24 INFO  Utils:112 - [Utils] MethodGroupsHelper.sortMethods() took 0 ms.
2024-06-24 11:55:24 INFO  Utils:112 - [Utils] MethodGroupsHelper.collectMethodsByGroup() took 0 ms.
2024-06-24 11:55:24 INFO  Utils:112 - [Utils] MethodGroupsHelper.sortMethods() took 0 ms.
2024-06-24 11:55:24 INFO  Utils:112 - [Utils] MethodGroupsHelper.collectMethodsByGroup() took 0 ms.
2024-06-24 11:55:24 INFO  Utils:112 - [Utils] MethodGroupsHelper.sortMethods() took 0 ms.
2024-06-24 11:55:24 INFO  Utils:112 - [Utils] MethodGroupsHelper.collectMethodsByGroup() took 0 ms.
2024-06-24 11:55:24 INFO  Utils:112 - [Utils] MethodGroupsHelper.sortMethods() took 0 ms.
2024-06-24 11:55:24 INFO  Utils:112 - [Utils] MethodGroupsHelper.collectMethodsByGroup() took 0 ms.
2024-06-24 11:55:24 INFO  Utils:112 - [Utils] MethodGroupsHelper.sortMethods() took 0 ms.
2024-06-24 11:55:24 INFO  Utils:112 - [Utils] MethodGroupsHelper.collectMethodsByGroup() took 0 ms.
2024-06-24 11:55:24 INFO  Utils:112 - [Utils] MethodGroupsHelper.sortMethods() took 0 ms.
2024-06-24 11:55:24 INFO  Utils:112 - [Utils] MethodGroupsHelper.collectMethodsByGroup() took 0 ms.
2024-06-24 11:55:24 INFO  Utils:112 - [Utils] MethodGroupsHelper.sortMethods() took 0 ms.
2024-06-24 11:55:24 INFO  Utils:112 - [Utils] MethodGroupsHelper.collectMethodsByGroup() took 0 ms.
2024-06-24 11:55:24 INFO  Utils:112 - [Utils] MethodGroupsHelper.sortMethods() took 0 ms.
2024-06-24 11:55:24 INFO  Utils:112 - [Utils] MethodGroupsHelper.collectMethodsByGroup() took 0 ms.
2024-06-24 11:55:24 INFO  Utils:112 - [Utils] MethodGroupsHelper.sortMethods() took 0 ms.
2024-06-24 11:55:24 INFO  Utils:112 - [Utils] MethodGroupsHelper.collectMethodsByGroup() took 0 ms.
2024-06-24 11:55:24 INFO  Utils:112 - [Utils] MethodGroupsHelper.sortMethods() took 0 ms.
2024-06-24 11:55:24 INFO  Utils:112 - [Utils] MethodGroupsHelper.collectMethodsByGroup() took 0 ms.
2024-06-24 11:55:24 INFO  Utils:112 - [Utils] MethodGroupsHelper.sortMethods() took 0 ms.
2024-06-24 11:55:24 INFO  Utils:112 - [Utils] MethodGroupsHelper.collectMethodsByGroup() took 0 ms.
2024-06-24 11:55:24 INFO  Utils:112 - [Utils] MethodGroupsHelper.sortMethods() took 0 ms.
2024-06-24 11:55:24 INFO  Utils:112 - [Utils] MethodGroupsHelper.collectMethodsByGroup() took 0 ms.
2024-06-24 11:55:24 INFO  Utils:112 - [Utils] MethodGroupsHelper.sortMethods() took 0 ms.
2024-06-24 11:55:24 INFO  Utils:112 - [Utils] MethodGroupsHelper.collectMethodsByGroup() took 0 ms.
2024-06-24 11:55:24 INFO  Utils:112 - [Utils] MethodGroupsHelper.sortMethods() took 0 ms.
2024-06-24 11:55:24 INFO  Utils:112 - [Utils] MethodGroupsHelper.collectMethodsByGroup() took 0 ms.
2024-06-24 11:55:24 INFO  Utils:112 - [Utils] MethodGroupsHelper.sortMethods() took 0 ms.
2024-06-24 11:55:24 INFO  Utils:112 - [Utils] MethodGroupsHelper.collectMethodsByGroup() took 0 ms.
2024-06-24 11:55:24 INFO  Utils:112 - [Utils] MethodGroupsHelper.sortMethods() took 0 ms.
2024-06-24 11:55:24 INFO  Utils:112 - [Utils] MethodGroupsHelper.collectMethodsByGroup() took 0 ms.
2024-06-24 11:55:24 INFO  Utils:112 - [Utils] MethodGroupsHelper.sortMethods() took 0 ms.
2024-06-24 11:55:24 INFO  Utils:112 - [Utils] MethodGroupsHelper.collectMethodsByGroup() took 0 ms.
2024-06-24 11:55:24 INFO  Utils:112 - [Utils] MethodGroupsHelper.sortMethods() took 0 ms.
2024-06-24 11:55:24 INFO  Utils:112 - [Utils] MethodGroupsHelper.collectMethodsByGroup() took 0 ms.
2024-06-24 11:55:24 INFO  Utils:112 - [Utils] MethodGroupsHelper.sortMethods() took 0 ms.
2024-06-24 11:55:24 INFO  Utils:112 - [Utils] MethodGroupsHelper.collectMethodsByGroup() took 0 ms.
2024-06-24 11:55:24 INFO  Utils:112 - [Utils] MethodGroupsHelper.sortMethods() took 0 ms.
2024-06-24 11:55:24 INFO  Utils:112 - [Utils] MethodGroupsHelper.collectMethodsByGroup() took 0 ms.
2024-06-24 11:55:24 INFO  Utils:112 - [Utils] MethodGroupsHelper.sortMethods() took 0 ms.
2024-06-24 11:55:24 INFO  Utils:112 - [Utils] MethodGroupsHelper.collectMethodsByGroup() took 0 ms.
2024-06-24 11:55:24 INFO  Utils:112 - [Utils] MethodGroupsHelper.sortMethods() took 0 ms.
2024-06-24 11:55:24 INFO  Utils:112 - [Utils] MethodGroupsHelper.collectMethodsByGroup() took 0 ms.
2024-06-24 11:55:24 INFO  Utils:112 - [Utils] MethodGroupsHelper.sortMethods() took 0 ms.
2024-06-24 11:55:24 INFO  Utils:112 - [Utils] MethodGroupsHelper.collectMethodsByGroup() took 0 ms.
2024-06-24 11:55:24 INFO  Utils:112 - [Utils] MethodGroupsHelper.sortMethods() took 0 ms.
2024-06-24 11:55:24 INFO  Utils:112 - [Utils] MethodGroupsHelper.collectMethodsByGroup() took 0 ms.
2024-06-24 11:55:24 INFO  Utils:112 - [Utils] MethodGroupsHelper.sortMethods() took 0 ms.
2024-06-24 11:55:24 INFO  Utils:112 - [Utils] MethodGroupsHelper.collectMethodsByGroup() took 0 ms.
2024-06-24 11:55:24 INFO  Utils:112 - [Utils] MethodGroupsHelper.sortMethods() took 0 ms.
2024-06-24 11:55:24 INFO  Utils:112 - [Utils] MethodGroupsHelper.collectMethodsByGroup() took 0 ms.
2024-06-24 11:55:24 INFO  Utils:112 - [Utils] MethodGroupsHelper.sortMethods() took 0 ms.
2024-06-24 11:55:24 INFO  Utils:112 - [Utils] MethodGroupsHelper.collectMethodsByGroup() took 0 ms.
2024-06-24 11:55:24 INFO  Utils:112 - [Utils] MethodGroupsHelper.sortMethods() took 0 ms.
2024-06-24 11:55:24 INFO  Utils:112 - [Utils] MethodGroupsHelper.collectMethodsByGroup() took 0 ms.
2024-06-24 11:55:24 INFO  Utils:112 - [Utils] MethodGroupsHelper.sortMethods() took 0 ms.
2024-06-24 11:55:24 INFO  Utils:112 - [Utils] MethodGroupsHelper.collectMethodsByGroup() took 0 ms.
2024-06-24 11:55:24 INFO  Utils:112 - [Utils] MethodGroupsHelper.sortMethods() took 0 ms.
2024-06-24 11:55:24 INFO  Utils:112 - [Utils] MethodGroupsHelper.collectMethodsByGroup() took 0 ms.
2024-06-24 11:55:24 INFO  Utils:112 - [Utils] MethodGroupsHelper.sortMethods() took 0 ms.
2024-06-24 11:55:24 INFO  Utils:112 - [Utils] DynamicGraphHelper.createDynamicGraph() took 15 ms.
2024-06-24 11:55:28 INFO  TC001_AccountRegistrationTest:15 - ***** Starting TC001_AccountRegistrationTest  ****
2024-06-24 11:55:28 INFO  TC001_AccountRegistrationTest:20 - Clicked on MyAccount Link.. 
2024-06-24 11:55:28 INFO  TC001_AccountRegistrationTest:22 - Clicked on Register Link.. 
2024-06-24 11:55:28 INFO  TC001_AccountRegistrationTest:26 - Providing customer details...
2024-06-24 11:55:29 INFO  TC001_AccountRegistrationTest:38 - Validating expected message..
2024-06-24 11:55:29 INFO  TC001_AccountRegistrationTest:42 - Test passed
2024-06-24 11:55:29 INFO  TC001_AccountRegistrationTest:48 - ***** Finished TC001_AccountRegistrationTest *****
2024-06-24 11:55:32 INFO  TC002_LoginTest:14 - **** Starting TC_002_LoginTest  ****
2024-06-24 11:55:32 INFO  TC002_LoginTest:20 - clicked on myaccount link on the home page..
2024-06-24 11:55:32 INFO  TC002_LoginTest:22 - clicked on login link under myaccount..
2024-06-24 11:55:32 INFO  TC002_LoginTest:26 - Entering valid email and password..
2024-06-24 11:55:33 INFO  TC002_LoginTest:30 - clicked on login button..
2024-06-24 11:55:33 INFO  TC002_LoginTest:34 - verify my account page is exists
2024-06-24 11:55:33 INFO  TC002_LoginTest:41 - **** Finished TC_002_LoginTest  ****
2024-06-24 11:55:37 INFO  TC003_LoginDDT:24 - **** Starting TC003_LoginDDT *****
2024-06-24 11:55:37 INFO  TC003_LoginDDT:29 - clicked on myaccount link on the home page..
2024-06-24 11:55:37 INFO  TC003_LoginDDT:31 - clicked on login link under myaccount..
2024-06-24 11:55:37 INFO  TC003_LoginDDT:35 - Entering valid email and password..
2024-06-24 11:55:38 INFO  TC003_LoginDDT:39 - clicked on login button..
2024-06-24 11:55:38 INFO  TC003_LoginDDT:44 - verify my account page is exists
2024-06-24 11:55:38 INFO  TC003_LoginDDT:66 - **** Finished TC003_LoginDDT *****
2024-06-24 11:55:38 INFO  TC003_LoginDDT:24 - **** Starting TC003_LoginDDT *****
2024-06-24 11:55:38 INFO  TC003_LoginDDT:29 - clicked on myaccount link on the home page..
2024-06-24 11:55:39 INFO  TC003_LoginDDT:31 - clicked on login link under myaccount..
2024-06-24 11:55:39 INFO  TC003_LoginDDT:35 - Entering valid email and password..
2024-06-24 11:55:40 INFO  TC003_LoginDDT:39 - clicked on login button..
2024-06-24 11:55:40 INFO  TC003_LoginDDT:44 - verify my account page is exists
2024-06-24 11:55:40 INFO  TC003_LoginDDT:66 - **** Finished TC003_LoginDDT *****
2024-06-24 11:55:40 INFO  TC003_LoginDDT:24 - **** Starting TC003_LoginDDT *****
2024-06-24 11:55:40 INFO  TC003_LoginDDT:29 - clicked on myaccount link on the home page..
2024-06-24 11:55:40 INFO  TC003_LoginDDT:31 - clicked on login link under myaccount..
2024-06-24 11:55:40 INFO  TC003_LoginDDT:35 - Entering valid email and password..
2024-06-24 11:55:41 INFO  TC003_LoginDDT:39 - clicked on login button..
2024-06-24 11:55:41 INFO  TC003_LoginDDT:44 - verify my account page is exists
2024-06-24 11:55:42 INFO  TC003_LoginDDT:66 - **** Finished TC003_LoginDDT *****
2024-06-24 11:55:42 INFO  TC003_LoginDDT:24 - **** Starting TC003_LoginDDT *****
2024-06-24 11:55:42 INFO  TC003_LoginDDT:29 - clicked on myaccount link on the home page..
2024-06-24 11:55:42 INFO  TC003_LoginDDT:31 - clicked on login link under myaccount..
2024-06-24 11:55:42 INFO  TC003_LoginDDT:35 - Entering valid email and password..
2024-06-24 11:55:43 INFO  TC003_LoginDDT:39 - clicked on login button..
2024-06-24 11:55:43 INFO  TC003_LoginDDT:44 - verify my account page is exists
2024-06-24 11:55:53 INFO  TC003_LoginDDT:66 - **** Finished TC003_LoginDDT *****
2024-06-24 11:55:53 INFO  TC003_LoginDDT:24 - **** Starting TC003_LoginDDT *****
2024-06-24 11:55:53 INFO  TC003_LoginDDT:29 - clicked on myaccount link on the home page..
2024-06-24 11:55:53 INFO  TC003_LoginDDT:31 - clicked on login link under myaccount..
2024-06-24 11:55:53 INFO  TC003_LoginDDT:35 - Entering valid email and password..
2024-06-24 11:55:54 INFO  TC003_LoginDDT:39 - clicked on login button..
2024-06-24 11:55:54 INFO  TC003_LoginDDT:44 - verify my account page is exists
2024-06-24 11:55:54 INFO  TC003_LoginDDT:66 - **** Finished TC003_LoginDDT *****
2024-06-24 11:55:54 INFO  TC003_LoginDDT:24 - **** Starting TC003_LoginDDT *****
2024-06-24 11:55:54 INFO  TC003_LoginDDT:29 - clicked on myaccount link on the home page..
2024-06-24 11:55:54 INFO  TC003_LoginDDT:31 - clicked on login link under myaccount..
2024-06-24 11:55:54 INFO  TC003_LoginDDT:35 - Entering valid email and password..
2024-06-24 11:55:55 INFO  TC003_LoginDDT:39 - clicked on login button..
2024-06-24 11:55:55 INFO  TC003_LoginDDT:44 - verify my account page is exists
2024-06-24 11:56:05 INFO  TC003_LoginDDT:66 - **** Finished TC003_LoginDDT *****
2024-06-24 11:56:06 INFO  Utils:112 - [TestNG] Time taken by org.testng.reporters.jq.Main@3111631d: 30 ms
2024-06-24 11:56:06 INFO  Utils:112 - [TestNG] Time taken by org.testng.reporters.FailedReporter@2d70f312: 0 ms
2024-06-24 11:56:06 INFO  Utils:112 - [TestNG] Time taken by org.testng.reporters.XMLReporter@19002b34: 23 ms
2024-06-24 11:56:06 INFO  Utils:112 - [TestNG] Time taken by org.testng.reporters.EmailableReporter2@54247647: 12 ms
2024-06-24 11:56:06 INFO  Utils:112 - [TestNG] Time taken by org.testng.reporters.JUnitReportReporter@69d103f0: 12 ms
2024-06-24 11:56:06 INFO  Utils:112 - [TestNG] Time taken by org.testng.internal.ExitCodeListener@5b742bc8: 0 ms
2024-06-24 12:06:25 INFO  Utils:112 - [Utils] MethodGroupsHelper.collectMethodsByGroup() took 0 ms.
2024-06-24 12:06:25 INFO  Utils:112 - [Utils] MethodGroupsHelper.sortMethods() took 16 ms.
2024-06-24 12:06:25 INFO  Utils:112 - [Utils] MethodGroupsHelper.collectMethodsByGroup() took 0 ms.
2024-06-24 12:06:25 INFO  Utils:112 - [Utils] MethodGroupsHelper.sortMethods() took 0 ms.
2024-06-24 12:06:25 INFO  Utils:112 - [Utils] MethodGroupsHelper.collectMethodsByGroup() took 0 ms.
2024-06-24 12:06:25 INFO  Utils:112 - [Utils] MethodGroupsHelper.sortMethods() took 0 ms.
2024-06-24 12:06:25 INFO  Utils:112 - [Utils] MethodGroupsHelper.collectMethodsByGroup() took 0 ms.
2024-06-24 12:06:25 INFO  Utils:112 - [Utils] MethodGroupsHelper.sortMethods() took 0 ms.
2024-06-24 12:06:25 INFO  Utils:112 - [Utils] MethodGroupsHelper.collectMethodsByGroup() took 0 ms.
2024-06-24 12:06:25 INFO  Utils:112 - [Utils] MethodGroupsHelper.sortMethods() took 0 ms.
2024-06-24 12:06:25 INFO  Utils:112 - [Utils] MethodGroupsHelper.collectMethodsByGroup() took 0 ms.
2024-06-24 12:06:25 INFO  Utils:112 - [Utils] MethodGroupsHelper.sortMethods() took 0 ms.
2024-06-24 12:06:25 INFO  Utils:112 - [Utils] MethodGroupsHelper.collectMethodsByGroup() took 0 ms.
2024-06-24 12:06:25 INFO  Utils:112 - [Utils] MethodGroupsHelper.sortMethods() took 0 ms.
2024-06-24 12:06:25 INFO  Utils:112 - [Utils] MethodGroupsHelper.collectMethodsByGroup() took 0 ms.
2024-06-24 12:06:25 INFO  Utils:112 - [Utils] MethodGroupsHelper.sortMethods() took 0 ms.
2024-06-24 12:06:25 INFO  Utils:112 - [Utils] MethodGroupsHelper.collectMethodsByGroup() took 0 ms.
2024-06-24 12:06:25 INFO  Utils:112 - [Utils] MethodGroupsHelper.sortMethods() took 0 ms.
2024-06-24 12:06:25 INFO  Utils:112 - [Utils] MethodGroupsHelper.collectMethodsByGroup() took 0 ms.
2024-06-24 12:06:25 INFO  Utils:112 - [Utils] MethodGroupsHelper.sortMethods() took 0 ms.
2024-06-24 12:06:25 INFO  Utils:112 - [Utils] MethodGroupsHelper.collectMethodsByGroup() took 0 ms.
2024-06-24 12:06:25 INFO  Utils:112 - [Utils] MethodGroupsHelper.sortMethods() took 0 ms.
2024-06-24 12:06:25 INFO  Utils:112 - [Utils] MethodGroupsHelper.collectMethodsByGroup() took 0 ms.
2024-06-24 12:06:25 INFO  Utils:112 - [Utils] MethodGroupsHelper.sortMethods() took 0 ms.
2024-06-24 12:06:25 INFO  Utils:112 - [Utils] MethodGroupsHelper.collectMethodsByGroup() took 0 ms.
2024-06-24 12:06:25 INFO  Utils:112 - [Utils] MethodGroupsHelper.sortMethods() took 0 ms.
2024-06-24 12:06:25 INFO  Utils:112 - [Utils] MethodGroupsHelper.collectMethodsByGroup() took 0 ms.
2024-06-24 12:06:25 INFO  Utils:112 - [Utils] MethodGroupsHelper.sortMethods() took 0 ms.
2024-06-24 12:06:25 INFO  Utils:112 - [Utils] MethodGroupsHelper.collectMethodsByGroup() took 0 ms.
2024-06-24 12:06:25 INFO  Utils:112 - [Utils] MethodGroupsHelper.sortMethods() took 0 ms.
2024-06-24 12:06:25 INFO  Utils:112 - [Utils] MethodGroupsHelper.collectMethodsByGroup() took 0 ms.
2024-06-24 12:06:25 INFO  Utils:112 - [Utils] MethodGroupsHelper.sortMethods() took 0 ms.
2024-06-24 12:06:25 INFO  Utils:112 - [Utils] MethodGroupsHelper.collectMethodsByGroup() took 0 ms.
2024-06-24 12:06:25 INFO  Utils:112 - [Utils] MethodGroupsHelper.sortMethods() took 0 ms.
2024-06-24 12:06:25 INFO  Utils:112 - [Utils] MethodGroupsHelper.collectMethodsByGroup() took 0 ms.
2024-06-24 12:06:25 INFO  Utils:112 - [Utils] MethodGroupsHelper.sortMethods() took 0 ms.
2024-06-24 12:06:25 INFO  Utils:112 - [Utils] MethodGroupsHelper.collectMethodsByGroup() took 0 ms.
2024-06-24 12:06:25 INFO  Utils:112 - [Utils] MethodGroupsHelper.sortMethods() took 0 ms.
2024-06-24 12:06:25 INFO  Utils:112 - [Utils] MethodGroupsHelper.collectMethodsByGroup() took 0 ms.
2024-06-24 12:06:25 INFO  Utils:112 - [Utils] MethodGroupsHelper.sortMethods() took 0 ms.
2024-06-24 12:06:25 INFO  Utils:112 - [Utils] MethodGroupsHelper.collectMethodsByGroup() took 0 ms.
2024-06-24 12:06:25 INFO  Utils:112 - [Utils] MethodGroupsHelper.sortMethods() took 0 ms.
2024-06-24 12:06:25 INFO  Utils:112 - [Utils] MethodGroupsHelper.collectMethodsByGroup() took 0 ms.
2024-06-24 12:06:25 INFO  Utils:112 - [Utils] MethodGroupsHelper.sortMethods() took 0 ms.
2024-06-24 12:06:25 INFO  Utils:112 - [Utils] MethodGroupsHelper.collectMethodsByGroup() took 0 ms.
2024-06-24 12:06:25 INFO  Utils:112 - [Utils] MethodGroupsHelper.sortMethods() took 0 ms.
2024-06-24 12:06:25 INFO  Utils:112 - [Utils] MethodGroupsHelper.collectMethodsByGroup() took 0 ms.
2024-06-24 12:06:25 INFO  Utils:112 - [Utils] MethodGroupsHelper.sortMethods() took 0 ms.
2024-06-24 12:06:25 INFO  Utils:112 - [Utils] MethodGroupsHelper.collectMethodsByGroup() took 0 ms.
2024-06-24 12:06:25 INFO  Utils:112 - [Utils] MethodGroupsHelper.sortMethods() took 0 ms.
2024-06-24 12:06:25 INFO  Utils:112 - [Utils] MethodGroupsHelper.collectMethodsByGroup() took 0 ms.
2024-06-24 12:06:25 INFO  Utils:112 - [Utils] MethodGroupsHelper.sortMethods() took 0 ms.
2024-06-24 12:06:25 INFO  Utils:112 - [Utils] MethodGroupsHelper.collectMethodsByGroup() took 0 ms.
2024-06-24 12:06:25 INFO  Utils:112 - [Utils] MethodGroupsHelper.sortMethods() took 0 ms.
2024-06-24 12:06:25 INFO  Utils:112 - [Utils] MethodGroupsHelper.collectMethodsByGroup() took 0 ms.
2024-06-24 12:06:25 INFO  Utils:112 - [Utils] MethodGroupsHelper.sortMethods() took 0 ms.
2024-06-24 12:06:25 INFO  Utils:112 - [Utils] MethodGroupsHelper.collectMethodsByGroup() took 0 ms.
2024-06-24 12:06:25 INFO  Utils:112 - [Utils] MethodGroupsHelper.sortMethods() took 0 ms.
2024-06-24 12:06:25 INFO  Utils:112 - [Utils] MethodGroupsHelper.collectMethodsByGroup() took 0 ms.
2024-06-24 12:06:25 INFO  Utils:112 - [Utils] MethodGroupsHelper.sortMethods() took 0 ms.
2024-06-24 12:06:25 INFO  Utils:112 - [Utils] MethodGroupsHelper.collectMethodsByGroup() took 0 ms.
2024-06-24 12:06:25 INFO  Utils:112 - [Utils] MethodGroupsHelper.sortMethods() took 0 ms.
2024-06-24 12:06:25 INFO  Utils:112 - [Utils] MethodGroupsHelper.collectMethodsByGroup() took 0 ms.
2024-06-24 12:06:25 INFO  Utils:112 - [Utils] MethodGroupsHelper.sortMethods() took 0 ms.
2024-06-24 12:06:25 INFO  Utils:112 - [Utils] MethodGroupsHelper.collectMethodsByGroup() took 0 ms.
2024-06-24 12:06:25 INFO  Utils:112 - [Utils] MethodGroupsHelper.sortMethods() took 0 ms.
2024-06-24 12:06:25 INFO  Utils:112 - [Utils] MethodGroupsHelper.collectMethodsByGroup() took 0 ms.
2024-06-24 12:06:25 INFO  Utils:112 - [Utils] MethodGroupsHelper.sortMethods() took 0 ms.
2024-06-24 12:06:25 INFO  Utils:112 - [Utils] MethodGroupsHelper.collectMethodsByGroup() took 0 ms.
2024-06-24 12:06:25 INFO  Utils:112 - [Utils] MethodGroupsHelper.sortMethods() took 0 ms.
2024-06-24 12:06:25 INFO  Utils:112 - [Utils] DynamicGraphHelper.createDynamicGraph() took 0 ms.
2024-06-24 12:06:29 INFO  TC001_AccountRegistrationTest:15 - ***** Starting TC001_AccountRegistrationTest  ****
2024-06-24 12:06:29 INFO  TC001_AccountRegistrationTest:20 - Clicked on MyAccount Link.. 
2024-06-24 12:06:29 INFO  TC001_AccountRegistrationTest:22 - Clicked on Register Link.. 
2024-06-24 12:06:29 INFO  TC001_AccountRegistrationTest:26 - Providing customer details...
2024-06-24 12:06:30 INFO  TC001_AccountRegistrationTest:38 - Validating expected message..
2024-06-24 12:06:30 INFO  TC001_AccountRegistrationTest:42 - Test passed
2024-06-24 12:06:30 INFO  TC001_AccountRegistrationTest:48 - ***** Finished TC001_AccountRegistrationTest *****
2024-06-24 12:06:33 INFO  TC002_LoginTest:14 - **** Starting TC_002_LoginTest  ****
2024-06-24 12:06:33 INFO  TC002_LoginTest:20 - clicked on myaccount link on the home page..
2024-06-24 12:06:33 INFO  TC002_LoginTest:22 - clicked on login link under myaccount..
2024-06-24 12:06:33 INFO  TC002_LoginTest:26 - Entering valid email and password..
2024-06-24 12:06:34 INFO  TC002_LoginTest:30 - clicked on login button..
2024-06-24 12:06:34 INFO  TC002_LoginTest:34 - verify my account page is exists
2024-06-24 12:06:34 INFO  TC002_LoginTest:41 - **** Finished TC_002_LoginTest  ****
2024-06-24 12:06:37 INFO  TC003_LoginDDT:24 - **** Starting TC003_LoginDDT *****
2024-06-24 12:06:37 INFO  TC003_LoginDDT:29 - clicked on myaccount link on the home page..
2024-06-24 12:06:37 INFO  TC003_LoginDDT:31 - clicked on login link under myaccount..
2024-06-24 12:06:37 INFO  TC003_LoginDDT:35 - Entering valid email and password..
2024-06-24 12:06:38 INFO  TC003_LoginDDT:39 - clicked on login button..
2024-06-24 12:06:38 INFO  TC003_LoginDDT:44 - verify my account page is exists
2024-06-24 12:06:38 INFO  TC003_LoginDDT:66 - **** Finished TC003_LoginDDT *****
2024-06-24 12:06:39 INFO  TC003_LoginDDT:24 - **** Starting TC003_LoginDDT *****
2024-06-24 12:06:39 INFO  TC003_LoginDDT:29 - clicked on myaccount link on the home page..
2024-06-24 12:06:39 INFO  TC003_LoginDDT:31 - clicked on login link under myaccount..
2024-06-24 12:06:39 INFO  TC003_LoginDDT:35 - Entering valid email and password..
2024-06-24 12:06:40 INFO  TC003_LoginDDT:39 - clicked on login button..
2024-06-24 12:06:40 INFO  TC003_LoginDDT:44 - verify my account page is exists
2024-06-24 12:06:40 INFO  TC003_LoginDDT:66 - **** Finished TC003_LoginDDT *****
2024-06-24 12:06:40 INFO  TC003_LoginDDT:24 - **** Starting TC003_LoginDDT *****
2024-06-24 12:06:40 INFO  TC003_LoginDDT:29 - clicked on myaccount link on the home page..
2024-06-24 12:06:40 INFO  TC003_LoginDDT:31 - clicked on login link under myaccount..
2024-06-24 12:06:40 INFO  TC003_LoginDDT:35 - Entering valid email and password..
2024-06-24 12:06:41 INFO  TC003_LoginDDT:39 - clicked on login button..
2024-06-24 12:06:41 INFO  TC003_LoginDDT:44 - verify my account page is exists
2024-06-24 12:06:42 INFO  TC003_LoginDDT:66 - **** Finished TC003_LoginDDT *****
2024-06-24 12:06:42 INFO  TC003_LoginDDT:24 - **** Starting TC003_LoginDDT *****
2024-06-24 12:06:42 INFO  TC003_LoginDDT:29 - clicked on myaccount link on the home page..
2024-06-24 12:06:42 INFO  TC003_LoginDDT:31 - clicked on login link under myaccount..
2024-06-24 12:06:42 INFO  TC003_LoginDDT:35 - Entering valid email and password..
2024-06-24 12:06:43 INFO  TC003_LoginDDT:39 - clicked on login button..
2024-06-24 12:06:43 INFO  TC003_LoginDDT:44 - verify my account page is exists
2024-06-24 12:06:53 INFO  TC003_LoginDDT:66 - **** Finished TC003_LoginDDT *****
2024-06-24 12:06:53 INFO  TC003_LoginDDT:24 - **** Starting TC003_LoginDDT *****
2024-06-24 12:06:53 INFO  TC003_LoginDDT:29 - clicked on myaccount link on the home page..
2024-06-24 12:06:53 INFO  TC003_LoginDDT:31 - clicked on login link under myaccount..
2024-06-24 12:06:53 INFO  TC003_LoginDDT:35 - Entering valid email and password..
2024-06-24 12:06:54 INFO  TC003_LoginDDT:39 - clicked on login button..
2024-06-24 12:06:54 INFO  TC003_LoginDDT:44 - verify my account page is exists
2024-06-24 12:06:54 INFO  TC003_LoginDDT:66 - **** Finished TC003_LoginDDT *****
2024-06-24 12:06:54 INFO  TC003_LoginDDT:24 - **** Starting TC003_LoginDDT *****
2024-06-24 12:06:54 INFO  TC003_LoginDDT:29 - clicked on myaccount link on the home page..
2024-06-24 12:06:55 INFO  TC003_LoginDDT:31 - clicked on login link under myaccount..
2024-06-24 12:06:55 INFO  TC003_LoginDDT:35 - Entering valid email and password..
2024-06-24 12:06:55 INFO  TC003_LoginDDT:39 - clicked on login button..
2024-06-24 12:06:55 INFO  TC003_LoginDDT:44 - verify my account page is exists
2024-06-24 12:07:05 INFO  TC003_LoginDDT:66 - **** Finished TC003_LoginDDT *****
2024-06-24 12:07:06 INFO  Utils:112 - [TestNG] Time taken by org.testng.reporters.jq.Main@4c7d7430: 55 ms
2024-06-24 12:07:06 INFO  Utils:112 - [TestNG] Time taken by org.testng.reporters.FailedReporter@4ea1aa52: 3 ms
2024-06-24 12:07:06 INFO  Utils:112 - [TestNG] Time taken by org.testng.reporters.XMLReporter@3e6748ae: 5 ms
2024-06-24 12:07:06 INFO  Utils:112 - [TestNG] Time taken by org.testng.reporters.EmailableReporter2@e0d1dc4: 13 ms
2024-06-24 12:07:06 INFO  Utils:112 - [TestNG] Time taken by org.testng.reporters.JUnitReportReporter@74fb5b59: 13 ms
2024-06-24 12:07:06 INFO  Utils:112 - [TestNG] Time taken by org.testng.internal.ExitCodeListener@130a6eb9: 0 ms
